10109014 Mohammad Digjaya Febriantoro
10109047 Roni Mardiansah
10109062 Evan Akbar Hanif
10109072 Afifudin Ahmad
10109085 Sunarya
10109087 Aditya Akbar Apriyadi
10109098 Topan Eko Raharjo
10109103 Wanandi Kartawinata
10109106 Muhammad Thufaili Imdad
10110002 Muhammad Syah Franz
10110004 Arrizky Rahmat Alifiansyah
10110008 Alitta Yelsya Junanda
10110009 Fiza Fitra Murtala
10110011 Nicky Ria Azizman
10110017 R Bisma Ramadhan S S
10110021 Fatra Maulana
10110026 Jhonniko Samuel Suprianto
10110028 Amira Putri Rahmanida
10110031 Triasto Adhinugroho
10110035 Achmad Zaini
10110037 Husein Abdulsalam Susilo
10110043 Anissa Aulia Anggiana
10110047 Risky Rendy Saputra
10110048 Eva Rihana Siddiqa
10110049 Dian Putri Indah Mardika
10110050 Renan Aditya Mukti
10110056 Maju Sumanto
10110062 Necko Briantono
10110069 Anisa Rarasati
10110071 Hafizh Medicia Radiapradana
10110081 Fudrin
10110084 Dedi Marwansyah
10110086 Hosanna Anverdo Waluyanto
10110090 Muhammad Azka
10110094 Indah Nurina Fitri Hapsari
10110098 Maulana Rizky Hardianto
10110102 Vivi Christy Astanto
10110104 Insi Fitriani
10111001 Daniel Adie Krismanto
10111002 Muhammad Fadli Faiz
10111003 Yohans
10111004 Mery
10111005 Ervan Sulaiman
10111006 Tri Juliansyah M S
10111008 Atsila Rahmania
10111009 Yossua Nathan
10111010 Prama Setia Putra
10111011 Fatima Zahra Firdausi
10111012 Christian Hermawan
10111013 Vivian Angelin Siri
10111014 Fadli Rizkiandi
10111015 Farah Nadira Noer
10111016 Ayunda Tristianti
10111017 Dian Sito Rukmi
10111018 Tessa Sarah Olystia
10111019 Dzulfikar Fahlevi M
10111021 Syah Adi Setiadi
10111022 Nina Amanda
10111023 Nurfitri Magnarianti
10111024 Briston
10111025 Taufiq Akbari Utomo
10111026 Raditya Wiguna
10111027 Hanniedya Violina Balin
10111028 Hendryansyah
10111029 Lani Diana
10111030 Nur Faizatus Sa'idah
10111031 Adythia Dean Marendri
10111032 Bilvy Fadhlil Khaliq
10111033 Dina Maria
10111034 Fetra Fydhianto
10111035 Kerry Addelina
10111036 Yehezkiel Bintang Salikas
10111037 Dhita Septiani Y S W
10111038 Muhamad Mufri Juddin Addul Azi
10111039 Wahyu Herlambang
10111040 Ilham Mulyawinata
10111041 Fx Johan Octo Parsaoran S
10111042 Nabila Syahidah
10111043 Dear Michiko Mutiara Noor
10111044 Ferisa Wijayanti
10111045 Viki Fauzi Akbar
10111046 Luh Made Mucaca Bonita
10111047 Hans Joshua Santoso
10111048 Eko Sutopo
10111049 Melia Silmi
10111050 Dwi Suciwahyuni
10111051 Nicholas Leo
10111052 Ahmad Rohimawan
10111053 Ligar Mugi Syahid
10111054 Prillycia Octaviana
10111055 Vincentius Franstianto
10111056 Bilawal Zandra Faris
10111057 Monalisa Crystanti
10111058 Cecilia F Ginting
10111059 Delvy Prawirawan
10111060 Cindy Putri Puspita
10111061 Sucha Febrina
10111062 Brilly Maxel Salindeho
10111063 Vivan Alvian
10111064 Josephine Stella
10111065 Ilfan
10111066 Mohammad Khoyrul Hidayat
10111067 Larasanti Putri Mantika
10111068 Riska Amelia
10111069 Davin Kurnia Wangsa
10111070 Cosmas Langga Kangmukti
10111071 Faisal Ardi
10111072 Rina Yuliana
10111073 Muchtar Adam Muachor
10111074 Regitha Lorenza
10111075 Indra Fauzan
10111076 Ramdhani Try Waluyo
10111077 Uly Hidayah
10111078 Nourmalita Arifianti
10111079 Syaf Musyaffaq
10111080 Ikhlas
10111081 Karina Arifiani
10111082 Rezza Dwi Maharani
10111083 Sandra Dwiananda
10111084 Nopi Mirnawati
10111085 Femy Santy Amelia
10111086 Akmal Fadhlurrahman
10111087 Damiana Fitria Kussatiti
10111088 Dimitrij Ray
10111089 Welni Resta Gusnia
10111090 Amelia Nur Sa'adah
10111091 Fauziah Andini Putri
10111092 Nining Rohayati
10111093 Winda Riani
10111094 Muhammad Restu Illahi
10111095 Aulia Rosmanita
10111096 Yoga Pangestu
10111097 Adilan Widyawan Mahdiyasa
10111098 Daniel Allan Juvito
10111099 Afif Humam
10111100 Rifqi Fajar Sulistya
10111101 Eureka A A Nainggolan
10111102 Arvianto Setiawan
10111103 Moch Asbullah Huda
10111104 Bernard Vernando
10111105 Christyan Tamaro Nadeak
10111106 Faisal Rahmananda
10111107 Andi Ernawati Amri
10111108 Yeni Rahmatika Maizar
10111109 Muhammad Ghozie F K
10111110 I Wayan Eka Darmawan
10112001 Azharul Fuady
10112002 Ferdyanto Chandra
10112003 Efa Hazna Latiefah
10112004 Artin Priyantini Putri
10112005 Liana Juniarty
10112006 Allissa Rivanni Richky
10112007 Moh Yunus Saputro
10112008 Stefanus Mahendra Kusuma Djati
10112009 Fikri Sundara
10112010 Muhammad Fahrul S
10112011 Fatimah Afra
10112012 Muhammad Nur Azmi
10112013 Desiana Indryani
10112014 Adyansyah Patonangi
10112015 Fenata Putri
10112016 Elma Yunita
10112017 Serian Trisetyo
10112018 Faathir Reza Avicena
10112019 Nico Andico Siahaan
10112020 Kundang Kurnia
10112021 Alfred Andry
10112022 Jacobs Andreas A S
10112023 Luqman Nuradi P
10112024 Dienna Yasmine Hayati
10112025 Salsabila
10112026 Viska Aprillia Andriani
10112027 Iva Rosa Nasution
10112028 Hayuningtyas Annisa Budiyanti
10112029 Vino Tri Mulia
10112030 Indri Angelia
10112031 Bagya Limijaya
10112032 Dimas Galih Pratama
10112033 Yusuf Ibrahim
10112034 Aswan Anggun Pribadi
10112035 Rossy Dinda Pratiwi
10112036 Rikeu Yuliantineu
10112037 Moch Sholihul Anam
10112038 Christyan Barualam
10112039 Pradipta Alamsah Reksaputra
10112040 Ceri Alvina Mentang
10112041 Fazar Syukri Nugroho
10112042 Rifadina Kamila Yasmin
10112044 R Prathama Surahmat
10112045 Galih Pradananta
10112046 Amanda Putri Nabilla
10112047 Hanifah Rahmi Widyani
10112048 Wulan Paramita
10112049 Sri Hidayati
10112051 Tia Qibtiatul Munawaroh
10112052 Jordy
10112053 Hulia Afni
10112054 Abdul Haris Wirabrata
10112055 Erwita Handriani
10112056 Zita Nada Nirmala
10112057 Dimas Agus Fahrudin
10112058 Kurnia Hidayat
10112059 Lupita Ramdhaina Yusuf
10112060 Dwi Rantini
10112061 Darmayanti Dwi Kurniawati
10112062 Heny Hanifah
10112063 Kristianto Lie
10112064 Ivan Wiradana
10112065 Indah Gumala Andirasdini
10112067 Windi Nrangwesti
10112068 Sindy Devila
10112069 Mutiara Aini
10112070 Aditya Firman Ihsan
10112071 Muhammad Husnurridlo
10112072 Go Felix
10112073 Richa Wahyu Arifiani
10112074 Benny Chandra
10112075 Syarif Ibrohim
10112076 Nurul Fatimatuz Zahrok
10112077 Josa Kurniawan
10112079 Zuhairina Ramadhaningrum
10112080 Fopi Friska Ramadhian
10112081 Fani Puspitasari
10112082 Bari Asunka Medu
10112083 Aris Budi Wibowo
10112084 Amalia Nur Alifah
10112085 Alexander Arno
10112086 Nurul Fajri
10112087 Evan William Chandra
10112089 Haris Dhaifullah Mz
10112090 Fitri Adrianti
10112091 Lu'lu Adninnafi'ah
10112092 Nazzala Zakka Wali
10112093 Lingga Yasir
10112094 Risti Nur'aini
10112095 Muhammad Fariduddin Adham
10112096 Pramesti Wulandari Santoso
10112097 Evellyn Verity Mesak
10112098 Puji Mutiah Risha
10112099 Jeremy Minardi
10112100 Reza Restiani
10112101 Elsa Puspa Silfia
10113001 Aholiab Tegar Tritama
10113002 Alissa Rani Putri
10113003 Devi Imulia Dian Primaskun
10113004 Nadya Ersalina Novyanti
10113005 Cindy Meilita
10113006 Nancy De Menzelthe
10113007 Fathul Asrar Alfansuri
10113008 Fadhli Rais
10113009 Anisa
10113010 Fathimah Nur Ikrom
10113011 Annisa Zulfa
10113012 Risanti Wahyuni
10113013 Nor Iffadathul Faddilla
10113014 Ramdan
10113015 Yusuf Abdul Malik Jauhari
10113016 Dita Widy Amallya
10113017 Mila Isti Riani
10113018 Riemas Anugrah Maulana
10113019 Sella Tiana Pramestuti
10113020 Yudha Aji Saputra
10113021 Salman Alfarisi
10113022 Erick Low
10113023 Suryani Putri
10113024 Ryan Achmad Arianto Ekasaputra
10113025 Ilma Intan Sari
10113026 Bagus Fajar Lazuardi
10113027 Filbert
10113028 Chusna Faiza
10113029 Rezatama Fathullah
10113030 Bobi Aulia Syafiq
10113031 Yusuf Hafidh
10113032 Arnoldus Lasut
10113033 Angesti Puspitasari
10113034 Neli Alfi Munaya
10113035 Emmanuel Arya
10113036 Valdo Joshua Giovanno
10113037 Susvika Desita Chaniago
10113038 Mulya Hardi
10113039 Dean Andrean
10113040 Robby
10113041 Rizti Silwari
10113042 Insan Nurrizky
10113043 Maulia Dita Agistia
10113044 Nurul Izzah Ma'rifa
10113045 David Santoso Yuwono
10113046 Karyadi
10113047 Stephanus Ardyanto
10113048 Muhammad Akbar Alhavif
10113049 Levina Michella
10113050 Fardian Thofani
10113051 Maynard Raymond Tutuarima
10113052 Bakti Amirul Jabar
10113053 Laura Estwin Gunawan
10113054 Tara Romantika
10113055 Dian Cahyaratri
10113056 Rio Nur Arifin
10113057 Herada Kiptane Arga
10113058 Reny Meylani
10113059 Debbie Angelia Susanti
10113060 Christine Julaisa Saragih
10113061 Ni Luh Putu Asri Cahyani
10113062 Muhammad Iqbal M
10113063 Jodi Santoso
10113064 Mharta Adji Wardana
10113065 Wedyata Larasartika
10113066 Aushaf Abyan
10113067 Millati Mihda Hayati
10113068 Ardina Trivera Kurniawati
10113069 Wisnu Prasojo Widianto
10113070 Fauzi Zakaria
10113071 Nidya Inayatul Ghaida
10113072 I Wayan Palton Anuwiksa
10113073 Felita Ariella Mustika
10113074 Murtadho
10113075 Diaz Faiqul Ilmi
10113076 Gardhani Muhammad Issaac
10113077 Muhammad Sukma Alam
10113078 Riska Trismayangsari
10113079 Annisa Fitri Nurrahmi
10113080 Nailnabilla Zain
10113081 Syifa Nur Awalia
10113082 Muhammad Ridho
10113083 Robby Rakhmad Wahyudi
10113084 Fahrul Husaini
10113085 Yanuar Bhakti Wira Tama
10113086 Mohammad Jaenuri
10113087 Nuzulia Fajri Rahmi
10113088 M Hauzan Fadlurrahman
10113089 Satria Puji Wibowo
10113090 Ziyad Syauqi Fawwazi
10113091 Devioza Devi
10113092 Devina
10113093 Yesika Tresia Manurung
10113094 Dwi Puji Tristanti
10113095 Sonia Rosliana
10113096 Felicia Margareta
10113097 Daniel Darles Saragih
10113098 Tiara Esy Pramukti
10113099 Gerry Siegers Yobeliano
10113100 Fariz Fahmi Fikri
